<?xml version="1.0" encoding="UTF-8"?>
<testng-results skipped="0" failed="2" ignored="0" total="2" passed="0">
  <reporter-output>
  </reporter-output>
  <suite name="Command line suite" duration-ms="31773" started-at="2020-08-27T21:34:21Z" finished-at="2020-08-27T21:34:53Z">
    <groups>
      <group name="cucumber">
        <method signature="AbstractTestNGCucumberTests.runScenario(io.cucumber.testng.PickleWrapper, io.cucumber.testng.FeatureWrapper)[pri:0, instance:NKuhutan.TSB.Runners.RunnerTest@48eff760]" name="runScenario" class="io.cucumber.testng.AbstractTestNGCucumberTests"/>
      </group> <!-- cucumber -->
    </groups>
    <test name="Command line test" duration-ms="31773" started-at="2020-08-27T21:34:21Z" finished-at="2020-08-27T21:34:53Z">
      <class name="NKuhutan.TSB.Runners.RunnerTest">
        <test-method status="PASS" signature="setUpClass()[pri:0, instance:NKuhutan.TSB.Runners.RunnerTest@48eff760]" name="setUpClass" is-config="true" duration-ms="597" started-at="2020-08-27T21:34:21Z" finished-at="2020-08-27T21:34:21Z">
          <reporter-output>
          </reporter-output>
        </test-method> <!-- setUpClass -->
        <test-method status="FAIL" signature="runScenario(io.cucumber.testng.PickleWrapper, io.cucumber.testng.FeatureWrapper)[pri:0, instance:NKuhutan.TSB.Runners.RunnerTest@48eff760]" name="runScenario" duration-ms="27442" started-at="2020-08-27T21:34:22Z" description="Runs Cucumber Scenarios" data-provider="scenarios" finished-at="2020-08-27T21:34:49Z">
          <params>
            <param index="0">
              <value>
                <![CDATA["Web Version Test"]]>
              </value>
            </param>
            <param index="1">
              <value>
                <![CDATA["Optional[NKuhutan Test Solution]"]]>
              </value>
            </param>
          </params>
          <exception class="java.lang.AssertionError">
            <message>
              <![CDATA[expected [true] but found [false]]]>
            </message>
            <full-stacktrace>
              <![CDATA[java.lang.AssertionError: expected [true] but found [false]
at org.testng.Assert.fail(Assert.java:96)
at org.testng.Assert.failNotEquals(Assert.java:776)
at org.testng.Assert.assertTrue(Assert.java:44)
at org.testng.Assert.assertTrue(Assert.java:54)
at NKuhutan.TSB.TestNG.WebTest.checkKeyDetails(WebTest.java:117)
at NKuhutan.TSB.StepDefs.Steps.checkKeyDetails(Steps.java:67)
at ✽.Query any existing Used Car listing and confirm that the following details are shown for that car(file:///C:/Users/NKuhutan/Documents/git_TSB/src/test/resources/features/Exam.feature:10)
]]>
            </full-stacktrace>
          </exception> <!-- java.lang.AssertionError -->
          <reporter-output>
          </reporter-output>
        </test-method> <!-- runScenario -->
        <test-method status="FAIL" signature="runScenario(io.cucumber.testng.PickleWrapper, io.cucumber.testng.FeatureWrapper)[pri:0, instance:NKuhutan.TSB.Runners.RunnerTest@48eff760]" name="runScenario" duration-ms="643" started-at="2020-08-27T21:34:49Z" description="Runs Cucumber Scenarios" data-provider="scenarios" finished-at="2020-08-27T21:34:50Z">
          <params>
            <param index="0">
              <value>
                <![CDATA["API Version Test"]]>
              </value>
            </param>
            <param index="1">
              <value>
                <![CDATA["Optional[NKuhutan Test Solution]"]]>
              </value>
            </param>
          </params>
          <exception class="java.lang.AssertionError">
            <message>
              <![CDATA[expected [true] but found [false]]]>
            </message>
            <full-stacktrace>
              <![CDATA[java.lang.AssertionError: expected [true] but found [false]
at org.testng.Assert.fail(Assert.java:96)
at org.testng.Assert.failNotEquals(Assert.java:776)
at org.testng.Assert.assertTrue(Assert.java:44)
at org.testng.Assert.assertTrue(Assert.java:54)
at NKuhutan.TSB.TestNG.APITest.verifyKeyDetails(APITest.java:57)
at NKuhutan.TSB.StepDefs.Steps.apiCheckKeyDetails(Steps.java:90)
at ✽.Query the API car details of an specific searched car(file:///C:/Users/NKuhutan/Documents/git_TSB/src/test/resources/features/Exam.feature:27)
]]>
            </full-stacktrace>
          </exception> <!-- java.lang.AssertionError -->
          <reporter-output>
          </reporter-output>
        </test-method> <!-- runScenario -->
        <test-method status="PASS" signature="tearDownClass()[pri:0, instance:NKuhutan.TSB.Runners.RunnerTest@48eff760]" name="tearDownClass" is-config="true" duration-ms="3073" started-at="2020-08-27T21:34:50Z" finished-at="2020-08-27T21:34:53Z">
          <reporter-output>
          </reporter-output>
        </test-method> <!-- tearDownClass -->
      </class> <!-- NKuhutan.TSB.Runners.RunnerTest -->
    </test> <!-- Command line test -->
  </suite> <!-- Command line suite -->
</testng-results>
