<?xml version="1.0" encoding="UTF-8" standalone="no"?>
<testng-results failed="2" passed="0" skipped="0" total="2">
<suite duration-ms="28135" name="io.cucumber.core.plugin.TestNGFormatter">
<test duration-ms="28135" name="io.cucumber.core.plugin.TestNGFormatter">
<class name="NKuhutan Test Solution">
<test-method duration-ms="27320" finished-at="2020-08-27T21:34:49.447Z" name="Web Version Test" started-at="2020-08-27T21:34:22.113Z" status="FAIL">
<exception class="java.lang.AssertionError">
<message><![CDATA[Given Go to TradeMe and navigate Categories.................................passed
Then Check there is at least one listing in the TradeMe UsedCars category...passed
Then Check that the make Kia exists.........................................passed
Then Query any existing Used Car listing and confirm that the following details are shown for that car.failed
]]></message>
<full-stacktrace><![CDATA[java.lang.AssertionError: expected [true] but found [false]
	at org.testng.Assert.fail(Assert.java:96)
	at org.testng.Assert.failNotEquals(Assert.java:776)
	at org.testng.Assert.assertTrue(Assert.java:44)
	at org.testng.Assert.assertTrue(Assert.java:54)
	at NKuhutan.TSB.TestNG.WebTest.checkKeyDetails(WebTest.java:117)
	at NKuhutan.TSB.StepDefs.Steps.checkKeyDetails(Steps.java:67)
	at ✽.Query any existing Used Car listing and confirm that the following details are shown for that car(file:///C:/Users/NKuhutan/Documents/git_TSB/src/test/resources/features/Exam.feature:10)
]]></full-stacktrace>
</exception>
</test-method>
<test-method duration-ms="632" finished-at="2020-08-27T21:34:50.094Z" name="API Version Test" started-at="2020-08-27T21:34:49.458Z" status="FAIL">
<exception class="java.lang.AssertionError">
<message><![CDATA[Given There is more than 1 listing of Used Cars in the API..................passed
Then Check if Kia exists from the API.......................................passed
Then Query the API car details of an specific searched car..................failed
]]></message>
<full-stacktrace><![CDATA[java.lang.AssertionError: expected [true] but found [false]
	at org.testng.Assert.fail(Assert.java:96)
	at org.testng.Assert.failNotEquals(Assert.java:776)
	at org.testng.Assert.assertTrue(Assert.java:44)
	at org.testng.Assert.assertTrue(Assert.java:54)
	at NKuhutan.TSB.TestNG.APITest.verifyKeyDetails(APITest.java:57)
	at NKuhutan.TSB.StepDefs.Steps.apiCheckKeyDetails(Steps.java:90)
	at ✽.Query the API car details of an specific searched car(file:///C:/Users/NKuhutan/Documents/git_TSB/src/test/resources/features/Exam.feature:27)
]]></full-stacktrace>
</exception>
</test-method>
</class>
</test>
</suite>
</testng-results>
