<?xml version="1.0" encoding="UTF-8"?>
<!-- Generated by org.testng.reporters.JUnitReportReporter -->
<testsuite skipped="0" hostname="AKLWX28662" name="NKuhutan.TSB.Runners.RunnerTest" tests="2" failures="2" timestamp="27 Aug 2020 21:34:53 GMT" time="28.085" errors="0">
  <testcase name="runScenario" time="0.643" classname="NKuhutan.TSB.Runners.RunnerTest">
    <failure type="java.lang.AssertionError" message="expected [true] but found [false]">
      <![CDATA[java.lang.AssertionError: expected [true] but found [false]
at org.testng.Assert.fail(Assert.java:96)
at org.testng.Assert.failNotEquals(Assert.java:776)
at org.testng.Assert.assertTrue(Assert.java:44)
at org.testng.Assert.assertTrue(Assert.java:54)
at NKuhutan.TSB.TestNG.APITest.verifyKeyDetails(APITest.java:57)
at NKuhutan.TSB.StepDefs.Steps.apiCheckKeyDetails(Steps.java:90)
at ✽.Query the API car details of an specific searched car(file:///C:/Users/NKuhutan/Documents/git_TSB/src/test/resources/features/Exam.feature:27)
]]>
    </failure>
  </testcase> <!-- runScenario -->
  <testcase name="runScenario" time="27.442" classname="NKuhutan.TSB.Runners.RunnerTest">
    <failure type="java.lang.AssertionError" message="expected [true] but found [false]">
      <![CDATA[java.lang.AssertionError: expected [true] but found [false]
at org.testng.Assert.fail(Assert.java:96)
at org.testng.Assert.failNotEquals(Assert.java:776)
at org.testng.Assert.assertTrue(Assert.java:44)
at org.testng.Assert.assertTrue(Assert.java:54)
at NKuhutan.TSB.TestNG.WebTest.checkKeyDetails(WebTest.java:117)
at NKuhutan.TSB.StepDefs.Steps.checkKeyDetails(Steps.java:67)
at ✽.Query any existing Used Car listing and confirm that the following details are shown for that car(file:///C:/Users/NKuhutan/Documents/git_TSB/src/test/resources/features/Exam.feature:10)
]]>
    </failure>
  </testcase> <!-- runScenario -->
</testsuite> <!-- NKuhutan.TSB.Runners.RunnerTest -->
